<?xml version="1.0" encoding="UTF-8"?>
<coverage generated="1670026655909" clover="3.2.0">
  <project timestamp="1670026655910" name="All files">
    <metrics statements="96" coveredstatements="96" conditionals="20" coveredconditionals="16" methods="18" coveredmethods="18" elements="134" coveredelements="130" complexity="0" loc="96" ncloc="96" packages="1" files="1" classes="1"/>
    <file name="index.js" path="C:\Users\srvad\OneDrive - University of Lethbridge\Desktop\tic_tac_toe\index.js">
      <metrics statements="96" coveredstatements="96" conditionals="20" coveredconditionals="16" methods="18" coveredmethods="18"/>
      <line num="3" count="1" type="stmt"/>
      <line num="4" count="1" type="stmt"/>
      <line num="7" count="1" type="stmt"/>
      <line num="12" count="1" type="stmt"/>
      <line num="24" count="1" type="stmt"/>
      <line num="40" count="4" type="stmt"/>
      <line num="42" count="4" type="cond" truecount="2" falsecount="0"/>
      <line num="43" count="3" type="stmt"/>
      <line num="46" count="1" type="stmt"/>
      <line num="55" count="2" type="stmt"/>
      <line num="56" count="2" type="stmt"/>
      <line num="57" count="2" type="stmt"/>
      <line num="58" count="2" type="stmt"/>
      <line num="59" count="2" type="stmt"/>
      <line num="64" count="2" type="stmt"/>
      <line num="65" count="18" type="stmt"/>
      <line num="66" count="18" type="stmt"/>
      <line num="67" count="18" type="stmt"/>
      <line num="68" count="18" type="stmt"/>
      <line num="70" count="18" type="stmt"/>
      <line num="71" count="18" type="stmt"/>
      <line num="72" count="18" type="stmt"/>
      <line num="73" count="18" type="stmt"/>
      <line num="74" count="18" type="stmt"/>
      <line num="76" count="18" type="stmt"/>
      <line num="80" count="2" type="cond" truecount="2" falsecount="0"/>
      <line num="81" count="1" type="stmt"/>
      <line num="84" count="2" type="stmt"/>
      <line num="85" count="2" type="stmt"/>
      <line num="86" count="2" type="stmt"/>
      <line num="87" count="2" type="stmt"/>
      <line num="90" count="2" type="stmt"/>
      <line num="91" count="2" type="stmt"/>
      <line num="92" count="2" type="stmt"/>
      <line num="95" count="2" type="stmt"/>
      <line num="96" count="2" type="stmt"/>
      <line num="97" count="2" type="stmt"/>
      <line num="98" count="2" type="stmt"/>
      <line num="99" count="2" type="stmt"/>
      <line num="116" count="9" type="stmt"/>
      <line num="117" count="9" type="stmt"/>
      <line num="124" count="4" type="stmt"/>
      <line num="125" count="4" type="stmt"/>
      <line num="126" count="4" type="stmt"/>
      <line num="133" count="4" type="stmt"/>
      <line num="149" count="3" type="stmt"/>
      <line num="158" count="1" type="stmt"/>
      <line num="161" count="1" type="stmt"/>
      <line num="162" count="1" type="stmt"/>
      <line num="163" count="1" type="stmt"/>
      <line num="165" count="1" type="stmt"/>
      <line num="168" count="1" type="stmt"/>
      <line num="169" count="1" type="stmt"/>
      <line num="170" count="1" type="stmt"/>
      <line num="186" count="4" type="stmt"/>
      <line num="193" count="2" type="stmt"/>
      <line num="194" count="2" type="stmt"/>
      <line num="195" count="2" type="stmt"/>
      <line num="200" count="1" type="stmt"/>
      <line num="208" count="2" type="stmt"/>
      <line num="210" count="2" type="stmt"/>
      <line num="213" count="2" type="stmt"/>
      <line num="216" count="2" type="stmt"/>
      <line num="219" count="2" type="stmt"/>
      <line num="222" count="10" type="stmt"/>
      <line num="234" count="2" type="cond" truecount="2" falsecount="0"/>
      <line num="236" count="1" type="stmt"/>
      <line num="239" count="1" type="stmt"/>
      <line num="240" count="1" type="cond" truecount="1" falsecount="1"/>
      <line num="241" count="1" type="stmt"/>
      <line num="244" count="1" type="stmt"/>
      <line num="246" count="1" type="stmt"/>
      <line num="277" count="1" type="stmt"/>
      <line num="279" count="1" type="stmt"/>
      <line num="294" count="4" type="cond" truecount="2" falsecount="0"/>
      <line num="296" count="2" type="stmt"/>
      <line num="298" count="2" type="cond" truecount="1" falsecount="1"/>
      <line num="299" count="2" type="stmt"/>
      <line num="302" count="2" type="stmt"/>
      <line num="305" count="2" type="stmt"/>
      <line num="307" count="2" type="cond" truecount="2" falsecount="0"/>
      <line num="308" count="1" type="stmt"/>
      <line num="310" count="1" type="cond" truecount="1" falsecount="1"/>
      <line num="311" count="1" type="stmt"/>
      <line num="314" count="1" type="stmt"/>
      <line num="317" count="1" type="stmt"/>
      <line num="322" count="1" type="stmt"/>
      <line num="337" count="3" type="cond" truecount="1" falsecount="1"/>
      <line num="339" count="3" type="stmt"/>
      <line num="342" count="18" type="stmt"/>
      <line num="346" count="27" type="stmt"/>
      <line num="363" count="5" type="cond" truecount="2" falsecount="0"/>
      <line num="364" count="2" type="stmt"/>
      <line num="367" count="3" type="stmt"/>
      <line num="378" count="5" type="stmt"/>
      <line num="384" count="1" type="stmt"/>
    </file>
  </project>
</coverage>
