<?xml version="1.0" encoding="UTF-8"?>
<coverage generated="1670023302505" clover="3.2.0">
  <project timestamp="1670023302505" name="All files">
    <metrics statements="66" coveredstatements="59" conditionals="8" coveredconditionals="7" methods="15" coveredmethods="12" elements="89" coveredelements="78" complexity="0" loc="66" ncloc="66" packages="1" files="1" classes="1"/>
    <file name="index.js" path="C:\Users\srvad\OneDrive - University of Lethbridge\Desktop\tic_tac_toe\index.js">
      <metrics statements="66" coveredstatements="59" conditionals="8" coveredconditionals="7" methods="15" coveredmethods="12"/>
      <line num="3" count="1" type="stmt"/>
      <line num="4" count="1" type="stmt"/>
      <line num="7" count="1" type="stmt"/>
      <line num="12" count="1" type="stmt"/>
      <line num="24" count="1" type="stmt"/>
      <line num="40" count="4" type="stmt"/>
      <line num="42" count="4" type="cond" truecount="2" falsecount="0"/>
      <line num="43" count="3" type="stmt"/>
      <line num="46" count="1" type="stmt"/>
      <line num="55" count="2" type="stmt"/>
      <line num="56" count="2" type="stmt"/>
      <line num="57" count="2" type="stmt"/>
      <line num="58" count="2" type="stmt"/>
      <line num="59" count="2" type="stmt"/>
      <line num="64" count="2" type="stmt"/>
      <line num="65" count="18" type="stmt"/>
      <line num="66" count="18" type="stmt"/>
      <line num="67" count="18" type="stmt"/>
      <line num="68" count="18" type="stmt"/>
      <line num="70" count="18" type="stmt"/>
      <line num="71" count="18" type="stmt"/>
      <line num="72" count="18" type="stmt"/>
      <line num="73" count="18" type="stmt"/>
      <line num="74" count="18" type="stmt"/>
      <line num="76" count="18" type="stmt"/>
      <line num="80" count="2" type="cond" truecount="2" falsecount="0"/>
      <line num="81" count="1" type="stmt"/>
      <line num="84" count="2" type="stmt"/>
      <line num="85" count="2" type="stmt"/>
      <line num="86" count="2" type="stmt"/>
      <line num="87" count="2" type="stmt"/>
      <line num="90" count="2" type="stmt"/>
      <line num="91" count="2" type="stmt"/>
      <line num="92" count="2" type="stmt"/>
      <line num="95" count="2" type="stmt"/>
      <line num="96" count="2" type="stmt"/>
      <line num="97" count="2" type="stmt"/>
      <line num="98" count="2" type="stmt"/>
      <line num="99" count="2" type="stmt"/>
      <line num="116" count="6" type="stmt"/>
      <line num="117" count="6" type="stmt"/>
      <line num="124" count="0" type="stmt"/>
      <line num="125" count="0" type="stmt"/>
      <line num="126" count="0" type="stmt"/>
      <line num="133" count="0" type="stmt"/>
      <line num="149" count="2" type="stmt"/>
      <line num="187" count="2" type="stmt"/>
      <line num="194" count="0" type="stmt"/>
      <line num="195" count="0" type="stmt"/>
      <line num="196" count="0" type="stmt"/>
      <line num="201" count="1" type="stmt"/>
      <line num="209" count="2" type="stmt"/>
      <line num="211" count="2" type="stmt"/>
      <line num="214" count="2" type="stmt"/>
      <line num="217" count="2" type="stmt"/>
      <line num="220" count="2" type="stmt"/>
      <line num="223" count="10" type="stmt"/>
      <line num="336" count="2" type="cond" truecount="1" falsecount="1"/>
      <line num="338" count="2" type="stmt"/>
      <line num="341" count="10" type="stmt"/>
      <line num="345" count="16" type="stmt"/>
      <line num="362" count="4" type="cond" truecount="2" falsecount="0"/>
      <line num="363" count="2" type="stmt"/>
      <line num="366" count="2" type="stmt"/>
      <line num="377" count="4" type="stmt"/>
      <line num="383" count="1" type="stmt"/>
    </file>
  </project>
</coverage>
