{"C:\\Users\\srvad\\OneDrive - University of Lethbridge\\Desktop\\tic_tac_toe\\index.js": {"path":"C:\\Users\\srvad\\OneDrive - University of Lethbridge\\Desktop\\tic_tac_toe\\index.js","statementMap":{"0":{"start":{"line":3,"column":15},"end":{"line":3,"column":18}},"1":{"start":{"line":4,"column":14},"end":{"line":4,"column":17}},"2":{"start":{"line":7,"column":26},"end":{"line":7,"column":27}},"3":{"start":{"line":12,"column":27},"end":{"line":21,"column":1}},"4":{"start":{"line":24,"column":23},"end":{"line":24,"column":24}},"5":{"start":{"line":40,"column":23},"end":{"line":40,"column":48}},"6":{"start":{"line":42,"column":6},"end":{"line":44,"column":7}},"7":{"start":{"line":43,"column":10},"end":{"line":43,"column":26}},"8":{"start":{"line":46,"column":6},"end":{"line":46,"column":39}},"9":{"start":{"line":54,"column":21},"end":{"line":54,"column":50}},"10":{"start":{"line":55,"column":4},"end":{"line":55,"column":41}},"11":{"start":{"line":56,"column":4},"end":{"line":56,"column":42}},"12":{"start":{"line":57,"column":4},"end":{"line":57,"column":39}},"13":{"start":{"line":60,"column":16},"end":{"line":60,"column":26}},"14":{"start":{"line":61,"column":15},"end":{"line":61,"column":87}},"15":{"start":{"line":62,"column":15},"end":{"line":62,"column":85}},"16":{"start":{"line":65,"column":17},"end":{"line":65,"column":44}},"17":{"start":{"line":66,"column":15},"end":{"line":66,"column":78}},"18":{"start":{"line":67,"column":4},"end":{"line":67,"column":29}},"19":{"start":{"line":68,"column":4},"end":{"line":68,"column":35}},"20":{"start":{"line":69,"column":4},"end":{"line":69,"column":69}},"21":{"start":{"line":72,"column":16},"end":{"line":72,"column":45}},"22":{"start":{"line":73,"column":4},"end":{"line":73,"column":38}},"23":{"start":{"line":74,"column":4},"end":{"line":74,"column":33}},"24":{"start":{"line":75,"column":4},"end":{"line":75,"column":36}},"25":{"start":{"line":76,"column":4},"end":{"line":76,"column":39}},"26":{"start":{"line":81,"column":4},"end":{"line":94,"column":5}},"27":{"start":{"line":81,"column":15},"end":{"line":81,"column":16}},"28":{"start":{"line":82,"column":19},"end":{"line":82,"column":31}},"29":{"start":{"line":83,"column":6},"end":{"line":83,"column":42}},"30":{"start":{"line":84,"column":6},"end":{"line":84,"column":31}},"31":{"start":{"line":85,"column":6},"end":{"line":85,"column":29}},"32":{"start":{"line":87,"column":6},"end":{"line":87,"column":48}},"33":{"start":{"line":88,"column":6},"end":{"line":88,"column":42}},"34":{"start":{"line":89,"column":6},"end":{"line":89,"column":40}},"35":{"start":{"line":90,"column":6},"end":{"line":90,"column":26}},"36":{"start":{"line":91,"column":6},"end":{"line":91,"column":25}},"37":{"start":{"line":93,"column":6},"end":{"line":93,"column":30}},"38":{"start":{"line":97,"column":4},"end":{"line":98,"column":63}},"39":{"start":{"line":98,"column":6},"end":{"line":98,"column":63}},"40":{"start":{"line":115,"column":6},"end":{"line":115,"column":54}},"41":{"start":{"line":116,"column":6},"end":{"line":116,"column":50}},"42":{"start":{"line":123,"column":4},"end":{"line":123,"column":29}},"43":{"start":{"line":124,"column":4},"end":{"line":124,"column":43}},"44":{"start":{"line":125,"column":4},"end":{"line":125,"column":31}},"45":{"start":{"line":132,"column":4},"end":{"line":132,"column":26}},"46":{"start":{"line":148,"column":4},"end":{"line":148,"column":19}},"47":{"start":{"line":186,"column":4},"end":{"line":186,"column":19}},"48":{"start":{"line":193,"column":4},"end":{"line":193,"column":18}},"49":{"start":{"line":194,"column":4},"end":{"line":194,"column":49}},"50":{"start":{"line":195,"column":4},"end":{"line":195,"column":16}},"51":{"start":{"line":200,"column":0},"end":{"line":200,"column":10}},"52":{"start":{"line":208,"column":2},"end":{"line":208,"column":54}},"53":{"start":{"line":210,"column":2},"end":{"line":210,"column":57}},"54":{"start":{"line":213,"column":2},"end":{"line":213,"column":23}},"55":{"start":{"line":216,"column":2},"end":{"line":216,"column":27}},"56":{"start":{"line":219,"column":2},"end":{"line":223,"column":4}},"57":{"start":{"line":222,"column":4},"end":{"line":222,"column":65}},"58":{"start":{"line":335,"column":2},"end":{"line":347,"column":3}},"59":{"start":{"line":337,"column":4},"end":{"line":346,"column":6}},"60":{"start":{"line":340,"column":6},"end":{"line":345,"column":8}},"61":{"start":{"line":344,"column":8},"end":{"line":344,"column":67}},"62":{"start":{"line":361,"column":2},"end":{"line":365,"column":20}},"63":{"start":{"line":362,"column":4},"end":{"line":362,"column":16}},"64":{"start":{"line":365,"column":7},"end":{"line":365,"column":20}},"65":{"start":{"line":376,"column":2},"end":{"line":376,"column":28}},"66":{"start":{"line":382,"column":0},"end":{"line":382,"column":121}}},"fnMap":{"0":{"name":"(anonymous_0)","decl":{"start":{"line":39,"column":2},"end":{"line":39,"column":3}},"loc":{"start":{"line":39,"column":16},"end":{"line":47,"column":3}},"line":39},"1":{"name":"(anonymous_1)","decl":{"start":{"line":52,"column":2},"end":{"line":52,"column":3}},"loc":{"start":{"line":52,"column":31},"end":{"line":100,"column":3}},"line":52},"2":{"name":"(anonymous_2)","decl":{"start":{"line":114,"column":2},"end":{"line":114,"column":3}},"loc":{"start":{"line":114,"column":23},"end":{"line":117,"column":3}},"line":114},"3":{"name":"(anonymous_3)","decl":{"start":{"line":122,"column":2},"end":{"line":122,"column":3}},"loc":{"start":{"line":122,"column":9},"end":{"line":126,"column":3}},"line":122},"4":{"name":"(anonymous_4)","decl":{"start":{"line":131,"column":2},"end":{"line":131,"column":3}},"loc":{"start":{"line":131,"column":7},"end":{"line":133,"column":3}},"line":131},"5":{"name":"(anonymous_5)","decl":{"start":{"line":147,"column":2},"end":{"line":147,"column":3}},"loc":{"start":{"line":147,"column":23},"end":{"line":149,"column":3}},"line":147},"6":{"name":"(anonymous_6)","decl":{"start":{"line":185,"column":2},"end":{"line":185,"column":3}},"loc":{"start":{"line":185,"column":23},"end":{"line":187,"column":3}},"line":185},"7":{"name":"(anonymous_7)","decl":{"start":{"line":192,"column":2},"end":{"line":192,"column":3}},"loc":{"start":{"line":192,"column":8},"end":{"line":196,"column":3}},"line":192},"8":{"name":"loadGame","decl":{"start":{"line":205,"column":9},"end":{"line":205,"column":17}},"loc":{"start":{"line":205,"column":19},"end":{"line":224,"column":1}},"line":205},"9":{"name":"(anonymous_9)","decl":{"start":{"line":219,"column":22},"end":{"line":219,"column":23}},"loc":{"start":{"line":219,"column":32},"end":{"line":223,"column":3}},"line":219},"10":{"name":"gameWon","decl":{"start":{"line":333,"column":9},"end":{"line":333,"column":16}},"loc":{"start":{"line":333,"column":43},"end":{"line":349,"column":1}},"line":333},"11":{"name":"(anonymous_11)","decl":{"start":{"line":337,"column":35},"end":{"line":337,"column":36}},"loc":{"start":{"line":337,"column":49},"end":{"line":346,"column":5}},"line":337},"12":{"name":"(anonymous_12)","decl":{"start":{"line":340,"column":30},"end":{"line":340,"column":31}},"loc":{"start":{"line":340,"column":39},"end":{"line":345,"column":7}},"line":340},"13":{"name":"gameDrawn","decl":{"start":{"line":358,"column":9},"end":{"line":358,"column":18}},"loc":{"start":{"line":358,"column":36},"end":{"line":366,"column":1}},"line":358},"14":{"name":"switchShape","decl":{"start":{"line":375,"column":9},"end":{"line":375,"column":20}},"loc":{"start":{"line":375,"column":39},"end":{"line":377,"column":1}},"line":375}},"branchMap":{"0":{"loc":{"start":{"line":42,"column":6},"end":{"line":44,"column":7}},"type":"if","locations":[{"start":{"line":42,"column":6},"end":{"line":44,"column":7}},{"start":{},"end":{}}],"line":42},"1":{"loc":{"start":{"line":97,"column":4},"end":{"line":98,"column":63}},"type":"if","locations":[{"start":{"line":97,"column":4},"end":{"line":98,"column":63}},{"start":{},"end":{}}],"line":97},"2":{"loc":{"start":{"line":335,"column":2},"end":{"line":347,"column":3}},"type":"if","locations":[{"start":{"line":335,"column":2},"end":{"line":347,"column":3}},{"start":{},"end":{}}],"line":335},"3":{"loc":{"start":{"line":361,"column":2},"end":{"line":365,"column":20}},"type":"if","locations":[{"start":{"line":361,"column":2},"end":{"line":365,"column":20}},{"start":{"line":365,"column":7},"end":{"line":365,"column":20}}],"line":361}},"s":{"0":1,"1":1,"2":1,"3":1,"4":1,"5":4,"6":4,"7":3,"8":1,"9":2,"10":2,"11":2,"12":2,"13":2,"14":2,"15":2,"16":2,"17":2,"18":2,"19":2,"20":2,"21":2,"22":2,"23":2,"24":2,"25":2,"26":2,"27":2,"28":18,"29":18,"30":18,"31":18,"32":18,"33":18,"34":18,"35":18,"36":18,"37":18,"38":2,"39":1,"40":6,"41":6,"42":0,"43":0,"44":0,"45":0,"46":2,"47":2,"48":0,"49":0,"50":0,"51":1,"52":2,"53":2,"54":2,"55":2,"56":2,"57":10,"58":2,"59":2,"60":10,"61":16,"62":4,"63":2,"64":2,"65":4,"66":1},"f":{"0":4,"1":2,"2":6,"3":0,"4":0,"5":2,"6":2,"7":0,"8":2,"9":10,"10":2,"11":10,"12":16,"13":4,"14":4},"b":{"0":[3,1],"1":[1,1],"2":[2,0],"3":[2,2]},"_coverageSchema":"1a1c01bbd47fc00a2c39e90264f33305004495a9","hash":"51f228ede6126f84769fd9fe3c94cb061a8e1a4d"}
}
