{"C:\\Users\\srvad\\OneDrive - University of Lethbridge\\Desktop\\tic_tac_toe\\index.js": {"path":"C:\\Users\\srvad\\OneDrive - University of Lethbridge\\Desktop\\tic_tac_toe\\index.js","statementMap":{"0":{"start":{"line":2,"column":10},"end":{"line":2,"column":48}},"1":{"start":{"line":3,"column":0},"end":{"line":3,"column":51}},"2":{"start":{"line":3,"column":8},"end":{"line":3,"column":51}},"3":{"start":{"line":10,"column":4},"end":{"line":12,"column":5}},"4":{"start":{"line":11,"column":8},"end":{"line":11,"column":60}},"5":{"start":{"line":22,"column":2},"end":{"line":22,"column":15}},"6":{"start":{"line":25,"column":0},"end":{"line":25,"column":21}}},"fnMap":{"0":{"name":"displayText","decl":{"start":{"line":8,"column":9},"end":{"line":8,"column":20}},"loc":{"start":{"line":8,"column":22},"end":{"line":13,"column":1}},"line":8},"1":{"name":"sum","decl":{"start":{"line":21,"column":9},"end":{"line":21,"column":12}},"loc":{"start":{"line":21,"column":19},"end":{"line":23,"column":1}},"line":21}},"branchMap":{"0":{"loc":{"start":{"line":3,"column":0},"end":{"line":3,"column":51}},"type":"if","locations":[{"start":{"line":3,"column":0},"end":{"line":3,"column":51}},{"start":{},"end":{}}],"line":3},"1":{"loc":{"start":{"line":10,"column":4},"end":{"line":12,"column":5}},"type":"if","locations":[{"start":{"line":10,"column":4},"end":{"line":12,"column":5}},{"start":{},"end":{}}],"line":10}},"s":{"0":1,"1":1,"2":0,"3":0,"4":0,"5":1,"6":1},"f":{"0":0,"1":1},"b":{"0":[0,1],"1":[0,0]},"_coverageSchema":"1a1c01bbd47fc00a2c39e90264f33305004495a9","hash":"f3c94abb74158539acb510bfae0a3dfe694b9893"}
}
