TN:
SF:index.js
FN:39,(anonymous_0)
FN:52,(anonymous_1)
FN:115,(anonymous_2)
FN:123,(anonymous_3)
FN:132,(anonymous_4)
FN:148,(anonymous_5)
FN:155,(anonymous_6)
FN:185,(anonymous_7)
FN:192,(anonymous_8)
FN:205,loadGame
FN:219,(anonymous_10)
FN:232,handleClick
FN:291,addShape
FN:335,gameWon
FN:339,(anonymous_14)
FN:342,(anonymous_15)
FN:360,gameDrawn
FN:377,switchShape
FNF:18
FNH:18
FNDA:4,(anonymous_0)
FNDA:2,(anonymous_1)
FNDA:9,(anonymous_2)
FNDA:4,(anonymous_3)
FNDA:4,(anonymous_4)
FNDA:3,(anonymous_5)
FNDA:1,(anonymous_6)
FNDA:4,(anonymous_7)
FNDA:2,(anonymous_8)
FNDA:2,loadGame
FNDA:10,(anonymous_10)
FNDA:2,handleClick
FNDA:4,addShape
FNDA:3,gameWon
FNDA:18,(anonymous_14)
FNDA:27,(anonymous_15)
FNDA:5,gameDrawn
FNDA:5,switchShape
DA:3,1
DA:4,1
DA:7,1
DA:12,1
DA:24,1
DA:40,4
DA:42,4
DA:43,3
DA:46,1
DA:55,2
DA:56,2
DA:57,2
DA:58,2
DA:59,2
DA:64,2
DA:65,18
DA:66,18
DA:67,18
DA:68,18
DA:70,18
DA:71,18
DA:72,18
DA:73,18
DA:74,18
DA:76,18
DA:80,2
DA:81,1
DA:84,2
DA:85,2
DA:86,2
DA:87,2
DA:90,2
DA:91,2
DA:92,2
DA:95,2
DA:96,2
DA:97,2
DA:98,2
DA:99,2
DA:116,9
DA:117,9
DA:124,4
DA:125,4
DA:126,4
DA:133,4
DA:149,3
DA:158,1
DA:161,1
DA:162,1
DA:163,1
DA:165,1
DA:168,1
DA:169,1
DA:170,1
DA:186,4
DA:193,2
DA:194,2
DA:195,2
DA:200,1
DA:208,2
DA:210,2
DA:213,2
DA:216,2
DA:219,2
DA:222,10
DA:234,2
DA:236,1
DA:239,1
DA:240,1
DA:241,1
DA:244,1
DA:246,1
DA:277,1
DA:279,1
DA:294,4
DA:296,2
DA:298,2
DA:299,2
DA:302,2
DA:305,2
DA:307,2
DA:308,1
DA:310,1
DA:311,1
DA:314,1
DA:317,1
DA:322,1
DA:337,3
DA:339,3
DA:342,18
DA:346,27
DA:363,5
DA:364,2
DA:367,3
DA:378,5
DA:384,1
LF:96
LH:96
BRDA:42,0,0,3
BRDA:42,0,1,1
BRDA:80,1,0,1
BRDA:80,1,1,1
BRDA:234,2,0,1
BRDA:234,2,1,1
BRDA:240,3,0,0
BRDA:240,3,1,1
BRDA:294,4,0,2
BRDA:294,4,1,2
BRDA:298,5,0,2
BRDA:298,5,1,0
BRDA:307,6,0,1
BRDA:307,6,1,1
BRDA:310,7,0,1
BRDA:310,7,1,0
BRDA:337,8,0,3
BRDA:337,8,1,0
BRDA:363,9,0,2
BRDA:363,9,1,3
BRF:20
BRH:16
end_of_record
