TN:
SF:index.js
FN:40,(anonymous_0)
FN:53,(anonymous_1)
FN:116,(anonymous_2)
FN:124,(anonymous_3)
FN:133,(anonymous_4)
FN:149,(anonymous_5)
FN:156,(anonymous_6)
FN:186,(anonymous_7)
FN:193,(anonymous_8)
FN:207,loadGame
FN:221,(anonymous_10)
FN:234,handleClick
FN:293,addShape
FN:337,gameWon
FN:341,(anonymous_14)
FN:344,(anonymous_15)
FN:362,gameDrawn
FN:379,switchShape
FNF:18
FNH:18
FNDA:4,(anonymous_0)
FNDA:2,(anonymous_1)
FNDA:9,(anonymous_2)
FNDA:4,(anonymous_3)
FNDA:4,(anonymous_4)
FNDA:3,(anonymous_5)
FNDA:1,(anonymous_6)
FNDA:4,(anonymous_7)
FNDA:2,(anonymous_8)
FNDA:2,loadGame
FNDA:10,(anonymous_10)
FNDA:2,handleClick
FNDA:4,addShape
FNDA:3,gameWon
FNDA:18,(anonymous_14)
FNDA:27,(anonymous_15)
FNDA:5,gameDrawn
FNDA:5,switchShape
DA:3,1
DA:4,1
DA:7,1
DA:13,1
DA:25,1
DA:41,4
DA:43,4
DA:44,3
DA:47,1
DA:56,2
DA:57,2
DA:58,2
DA:59,2
DA:60,2
DA:65,2
DA:66,18
DA:67,18
DA:68,18
DA:69,18
DA:71,18
DA:72,18
DA:73,18
DA:74,18
DA:75,18
DA:77,18
DA:81,2
DA:82,1
DA:85,2
DA:86,2
DA:87,2
DA:88,2
DA:91,2
DA:92,2
DA:93,2
DA:96,2
DA:97,2
DA:98,2
DA:99,2
DA:100,2
DA:117,9
DA:118,9
DA:125,4
DA:126,4
DA:127,4
DA:134,4
DA:150,3
DA:159,1
DA:162,1
DA:163,1
DA:164,1
DA:166,1
DA:169,1
DA:170,1
DA:171,1
DA:187,4
DA:194,2
DA:195,2
DA:196,2
DA:202,1
DA:210,2
DA:212,2
DA:215,2
DA:218,2
DA:221,2
DA:224,10
DA:236,2
DA:238,1
DA:241,1
DA:242,1
DA:243,1
DA:246,1
DA:248,1
DA:279,1
DA:281,1
DA:296,4
DA:298,2
DA:300,2
DA:301,2
DA:304,2
DA:307,2
DA:309,2
DA:310,1
DA:312,1
DA:313,1
DA:316,1
DA:319,1
DA:324,1
DA:339,3
DA:341,3
DA:344,18
DA:348,27
DA:365,5
DA:366,2
DA:369,3
DA:380,5
DA:386,1
LF:96
LH:96
BRDA:43,0,0,3
BRDA:43,0,1,1
BRDA:81,1,0,1
BRDA:81,1,1,1
BRDA:236,2,0,1
BRDA:236,2,1,1
BRDA:242,3,0,0
BRDA:242,3,1,1
BRDA:296,4,0,2
BRDA:296,4,1,2
BRDA:300,5,0,2
BRDA:300,5,1,0
BRDA:309,6,0,1
BRDA:309,6,1,1
BRDA:312,7,0,1
BRDA:312,7,1,0
BRDA:339,8,0,3
BRDA:339,8,1,0
BRDA:365,9,0,2
BRDA:365,9,1,3
BRF:20
BRH:16
end_of_record
